<testsuites id="" name="" tests="1" failures="0" skipped="0" errors="0" time="34.72796700000018">
<testsuite name="E2E\verify-place-order-with-login-user.spec.ts" timestamp="2026-01-19T06:08:53.692Z" hostname="webkit" tests="1" failures="0" skipped="0" time="32.293" errors="0">
<testcase name="User will signup then proceed the process until place order › [T44155]" classname="E2E\verify-place-order-with-login-user.spec.ts" time="32.293">
<system-out>
<![CDATA[[2026-01-19 14:08:55] Successfully loaded test data from: C:\Users\win10\git\globe-technical-exam-ui-test-automation\src\tests\resources\test-data\employee\employee.json
]]>
</system-out>
</testcase>
</testsuite>
</testsuites>